Arguments: 
  C:\Program Files\nodejs\node.exe C:\Users\pekko\AppData\Roaming\npm\node_modules\yarn\bin\yarn.js init

PATH: 
  C:\Program Files (x86)\Common Files\Oracle\Java\javapath;C:\Windows\system32;C:\Windows;C:\Windows\System32\Wbem;C:\Windows\System32\WindowsPowerShell\v1.0\;C:\Windows\System32\OpenSSH\;C:\Program Files (x86)\Intel\Intel(R) Management Engine Components\DAL;C:\Program Files\Intel\Intel(R) Management Engine Components\DAL;D:\programing\Nekonium\depot_tools;C:\Program Files (x86)\NVIDIA Corporation\PhysX\Common;C:\Program Files\NVIDIA Corporation\NVIDIA NvDLISR;C:\Program Files\Git\cmd;C:\Users\pekko\AppData\Local\Programs\Python\Python38-32;C:\Program Files\Java\jdk1.8.0_261\bin;C:\Users\pekko\AppData\Local\Programs\Python\Python38-32\Scripts;c:\bin;C:\Program Files\OpenSSL-Win64\bin;C:\ProgramData\chocolatey\bin;C:\texlive\2020\bin\win32;C:\Users\pekko\AppData\Local\Yarn\bin;C:\Program Files\dotnet\;C:\WINDOWS\system32;C:\WINDOWS;C:\WINDOWS\System32\Wbem;C:\WINDOWS\System32\WindowsPowerShell\v1.0\;C:\WINDOWS\System32\OpenSSH\;C:\Program Files\nodejs\;C:\Program Files\Docker\Docker\resources\bin;C:\ProgramData\DockerDesktop\version-bin;C:\Users\pekko\.windows-build-tools\python27\;C:\Users\pekko\AppData\Local\Microsoft\WindowsApps;C:\Users\pekko\AppData\Local\Programs\Microsoft VS Code\bin;C:\Program Files\Docker Toolbox;C:\Program Files\heroku\bin;C:\Users\pekko\AppData\Local\Programs\Fiddler;C:\Users\pekko\AppData\Local\Microsoft\WindowsApps;C:\Users\pekko\AppData\Local\hyper\app-3.0.2\resources\bin;C:\Users\pekko\AppData\Roaming\npm

Yarn version: 
  1.22.4

Node version: 
  16.8.0

Platform: 
  win32 x64

Trace: 
  Error: canceled
      at Interface.<anonymous> (C:\Users\pekko\AppData\Roaming\npm\node_modules\yarn\lib\cli.js:137008:13)
      at Interface.emit (node:events:394:28)
      at Interface._ttyWrite (node:readline:1081:16)
      at ReadStream.onkeypress (node:readline:288:10)
      at ReadStream.emit (node:events:394:28)
      at emitKeys (node:internal/readline/utils:358:14)
      at emitKeys.next (<anonymous>)
      at ReadStream.onData (node:internal/readline/emitKeypressEvents:61:36)
      at ReadStream.emit (node:events:394:28)
      at addChunk (node:internal/streams/readable:315:12)

npm manifest: 
  No manifest

yarn manifest: 
  No manifest

Lockfile: 
  No lockfile
